Determining if the pthread_create exist failed with the following output:
Change Dir: /home/ee904-i5-old-pc-1/Desktop/Kenny/cloud_viewer/build/CMakeFiles/CMakeTmp

Run Build Command:"/usr/bin/make" "cmTC_e0284/fast"
/usr/bin/make -f CMakeFiles/cmTC_e0284.dir/build.make CMakeFiles/cmTC_e0284.dir/build
make[1]: Entering directory '/home/ee904-i5-old-pc-1/Desktop/Kenny/cloud_viewer/build/CMakeFiles/CMakeTmp'
Building C object CMakeFiles/cmTC_e0284.dir/CheckSymbolExists.c.o
/usr/bin/cc     -o CMakeFiles/cmTC_e0284.dir/CheckSymbolExists.c.o   -c /home/ee904-i5-old-pc-1/Desktop/Kenny/cloud_viewer/build/CMakeFiles/CMakeTmp/CheckSymbolExists.c
Linking C executable cmTC_e0284
/usr/bin/cmake -E cmake_link_script CMakeFiles/cmTC_e0284.dir/link.txt --verbose=1
/usr/bin/cc       CMakeFiles/cmTC_e0284.dir/CheckSymbolExists.c.o  -o cmTC_e0284 -rdynamic 
CMakeFiles/cmTC_e0284.dir/CheckSymbolExists.c.o: In function `main':
CheckSymbolExists.c:(.text+0x16): undefined reference to `pthread_create'
collect2: error: ld returned 1 exit status
CMakeFiles/cmTC_e0284.dir/build.make:97: recipe for target 'cmTC_e0284' failed
make[1]: *** [cmTC_e0284] Error 1
make[1]: Leaving directory '/home/ee904-i5-old-pc-1/Desktop/Kenny/cloud_viewer/build/CMakeFiles/CMakeTmp'
Makefile:126: recipe for target 'cmTC_e0284/fast' failed
make: *** [cmTC_e0284/fast] Error 2

File /home/ee904-i5-old-pc-1/Desktop/Kenny/cloud_viewer/build/CMakeFiles/CMakeTmp/CheckSymbolExists.c:
/* */
#include <pthread.h>

int main(int argc, char** argv)
{
  (void)argv;
#ifndef pthread_create
  return ((int*)(&pthread_create))[argc];
#else
  (void)argc;
  return 0;
#endif
}

Determining if the function pthread_create exists in the pthreads failed with the following output:
Change Dir: /home/ee904-i5-old-pc-1/Desktop/Kenny/cloud_viewer/build/CMakeFiles/CMakeTmp

Run Build Command:"/usr/bin/make" "cmTC_11c2a/fast"
/usr/bin/make -f CMakeFiles/cmTC_11c2a.dir/build.make CMakeFiles/cmTC_11c2a.dir/build
make[1]: Entering directory '/home/ee904-i5-old-pc-1/Desktop/Kenny/cloud_viewer/build/CMakeFiles/CMakeTmp'
Building C object CMakeFiles/cmTC_11c2a.dir/CheckFunctionExists.c.o
/usr/bin/cc    -DCHECK_FUNCTION_EXISTS=pthread_create   -o CMakeFiles/cmTC_11c2a.dir/CheckFunctionExists.c.o   -c /usr/share/cmake-3.5/Modules/CheckFunctionExists.c
Linking C executable cmTC_11c2a
/usr/bin/cmake -E cmake_link_script CMakeFiles/cmTC_11c2a.dir/link.txt --verbose=1
/usr/bin/cc   -DCHECK_FUNCTION_EXISTS=pthread_create    CMakeFiles/cmTC_11c2a.dir/CheckFunctionExists.c.o  -o cmTC_11c2a -rdynamic -lpthreads 
/usr/bin/ld: cannot find -lpthreads
collect2: error: ld returned 1 exit status
CMakeFiles/cmTC_11c2a.dir/build.make:97: recipe for target 'cmTC_11c2a' failed
make[1]: *** [cmTC_11c2a] Error 1
make[1]: Leaving directory '/home/ee904-i5-old-pc-1/Desktop/Kenny/cloud_viewer/build/CMakeFiles/CMakeTmp'
Makefile:126: recipe for target 'cmTC_11c2a/fast' failed
make: *** [cmTC_11c2a/fast] Error 2


